/home/sumansaurabh/microsoft/basic-flask-app-ss/routes.py:1: DeprecationWarning: the imp module is deprecated in favour of importlib; see the module's documentation for alternative uses
  import imp
/home/sumansaurabh/microsoft/basic-flask-app-ss/routes.py:1: DeprecationWarning: the imp module is deprecated in favour of importlib; see the module's documentation for alternative uses
  import imp
/home/sumansaurabh/microsoft/basic-flask-app-ss/routes.py:1: DeprecationWarning: the imp module is deprecated in favour of importlib; see the module's documentation for alternative uses
  import imp
 * Running on http://127.0.0.1:5003/ (Press CTRL+C to quit)
 * Restarting with stat
 * Running on http://127.0.0.1:5001/ (Press CTRL+C to quit)
 * Restarting with stat
 * Running on http://127.0.0.1:5002/ (Press CTRL+C to quit)
 * Restarting with stat
/home/sumansaurabh/microsoft/basic-flask-app-ss/routes.py:1: DeprecationWarning: the imp module is deprecated in favour of importlib; see the module's documentation for alternative uses
  import imp
/home/sumansaurabh/microsoft/basic-flask-app-ss/routes.py:1: DeprecationWarning: the imp module is deprecated in favour of importlib; see the module's documentation for alternative uses
  import imp
/home/sumansaurabh/microsoft/basic-flask-app-ss/routes.py:1: DeprecationWarning: the imp module is deprecated in favour of importlib; see the module's documentation for alternative uses
  import imp
 * Debugger is active!
 * Debugger pin code: 365-577-234
 * Debugger is active!
 * Debugger pin code: 365-577-234
 * Debugger is active!
 * Debugger pin code: 365-577-234
/home/sumansaurabh/microsoft/basic-flask-app-ss/routes.py:1: DeprecationWarning: the imp module is deprecated in favour of importlib; see the module's documentation for alternative uses
  import imp
/home/sumansaurabh/microsoft/basic-flask-app-ss/routes.py:1: DeprecationWarning: the imp module is deprecated in favour of importlib; see the module's documentation for alternative uses
  import imp
/home/sumansaurabh/microsoft/basic-flask-app-ss/routes.py:1: DeprecationWarning: the imp module is deprecated in favour of importlib; see the module's documentation for alternative uses
  import imp
 * Running on http://127.0.0.1:5002/ (Press CTRL+C to quit)
 * Running on http://127.0.0.1:5003/ (Press CTRL+C to quit)
 * Restarting with stat
 * Restarting with stat
 * Running on http://127.0.0.1:5001/ (Press CTRL+C to quit)
 * Restarting with stat
/home/sumansaurabh/microsoft/basic-flask-app-ss/routes.py:1: DeprecationWarning: the imp module is deprecated in favour of importlib; see the module's documentation for alternative uses
  import imp
/home/sumansaurabh/microsoft/basic-flask-app-ss/routes.py:1: DeprecationWarning: the imp module is deprecated in favour of importlib; see the module's documentation for alternative uses
  import imp
/home/sumansaurabh/microsoft/basic-flask-app-ss/routes.py:1: DeprecationWarning: the imp module is deprecated in favour of importlib; see the module's documentation for alternative uses
  import imp
 * Debugger is active!
 * Debugger pin code: 365-577-234
 * Debugger is active!
 * Debugger pin code: 365-577-234
 * Debugger is active!
 * Debugger pin code: 365-577-234
